<?xml version='1.0' encoding='UTF-8'?>
<result plugin="junit@1.2-beta-4">
  <suites>
    <suite>
      <file>/var/lib/jenkins/jobs/Demo projekt/workspace/gameoflife-core/target/surefire-reports/TEST-com.wakaleo.gameoflife.domain.WhenYouCreateACell.xml</file>
      <name>com.wakaleo.gameoflife.domain.WhenYouCreateACell</name>
      <duration>0.014</duration>
      <cases>
        <case>
          <duration>0.006</duration>
          <className>com.wakaleo.gameoflife.domain.WhenYouCreateACell</className>
          <testName>aDeadCellShouldBePrintedAsADot</testName>
          <skipped>false</skipped>
          <failedSince>0</failedSince>
        </case>
        <case>
          <duration>0.0</duration>
          <className>com.wakaleo.gameoflife.domain.WhenYouCreateACell</className>
          <testName>aLiveCellShouldBePrintedAsAnAsterisk</testName>
          <skipped>false</skipped>
          <failedSince>0</failedSince>
        </case>
        <case>
          <duration>0.007</duration>
          <className>com.wakaleo.gameoflife.domain.WhenYouCreateACell</className>
          <testName>aLiveCellSymbolShouldBeAnAsterisk</testName>
          <skipped>false</skipped>
          <failedSince>0</failedSince>
        </case>
        <case>
          <duration>0.001</duration>
          <className>com.wakaleo.gameoflife.domain.WhenYouCreateACell</className>
          <testName>aDeadCellShouldBeRepresentedByADot</testName>
          <skipped>false</skipped>
          <failedSince>0</failedSince>
        </case>
        <case>
          <duration>0.0</duration>
          <className>com.wakaleo.gameoflife.domain.WhenYouCreateACell</className>
          <testName>aDeadCellSymbolShouldBeADot</testName>
          <skipped>false</skipped>
          <failedSince>0</failedSince>
        </case>
        <case>
          <duration>0.0</duration>
          <className>com.wakaleo.gameoflife.domain.WhenYouCreateACell</className>
          <testName>aLiveCellShouldBeRepresentedByAnAsterisk</testName>
          <skipped>false</skipped>
          <failedSince>0</failedSince>
        </case>
      </cases>
    </suite>
    <suite>
      <file>/var/lib/jenkins/jobs/Demo projekt/workspace/gameoflife-core/target/surefire-reports/TEST-com.wakaleo.gameoflife.domain.WhenYouCreateANewUniverse.xml</file>
      <name>com.wakaleo.gameoflife.domain.WhenYouCreateANewUniverse</name>
      <duration>0.134</duration>
      <cases>
        <case>
          <duration>0.085</duration>
          <className>com.wakaleo.gameoflife.domain.WhenYouCreateANewUniverse</className>
          <testName>aUserCanAssignALiveCellAtAGivenPointInTheGrid</testName>
          <skipped>false</skipped>
          <failedSince>0</failedSince>
        </case>
        <case>
          <duration>0.037</duration>
          <className>com.wakaleo.gameoflife.domain.WhenYouCreateANewUniverse</className>
          <testName>aUniverseCanBeInitializedWithAnyDimension</testName>
          <skipped>false</skipped>
          <errorStackTrace>java.lang.AssertionError: 
Expected: is &quot;.....\n.....\n.....\n.....\n&quot;
     but: was &quot;......\n......\n......\n......\n&quot;
	at org.hamcrest.MatcherAssert.assertThat(MatcherAssert.java:20)
	at org.hamcrest.MatcherAssert.assertThat(MatcherAssert.java:8)
	at com.wakaleo.gameoflife.domain.WhenYouCreateANewUniverse.aUniverseCanBeInitializedWithAnyDimension(WhenYouCreateANewUniverse.java:42)
	at sun.reflect.NativeMethodAccessorImpl.invoke0(Native Method)
	at sun.reflect.NativeMethodAccessorImpl.invoke(NativeMethodAccessorImpl.java:57)
	at sun.reflect.DelegatingMethodAccessorImpl.invoke(DelegatingMethodAccessorImpl.java:43)
	at java.lang.reflect.Method.invoke(Method.java:606)
	at org.junit.runners.model.FrameworkMethod$1.runReflectiveCall(FrameworkMethod.java:47)
	at org.junit.internal.runners.model.ReflectiveCallable.run(ReflectiveCallable.java:12)
	at org.junit.runners.model.FrameworkMethod.invokeExplosively(FrameworkMethod.java:44)
	at org.junit.internal.runners.statements.InvokeMethod.evaluate(InvokeMethod.java:17)
	at org.junit.runners.ParentRunner.runLeaf(ParentRunner.java:271)
	at org.junit.runners.BlockJUnit4ClassRunner.runChild(BlockJUnit4ClassRunner.java:70)
	at org.junit.runners.BlockJUnit4ClassRunner.runChild(BlockJUnit4ClassRunner.java:50)
	at org.junit.runners.ParentRunner$3.run(ParentRunner.java:238)
	at org.junit.runners.ParentRunner$1.schedule(ParentRunner.java:63)
	at org.junit.runners.ParentRunner.runChildren(ParentRunner.java:236)
	at org.junit.runners.ParentRunner.access$000(ParentRunner.java:53)
	at org.junit.runners.ParentRunner$2.evaluate(ParentRunner.java:229)
	at org.junit.runners.ParentRunner.run(ParentRunner.java:309)
	at org.apache.maven.surefire.junit4.JUnit4Provider.execute(JUnit4Provider.java:234)
	at org.apache.maven.surefire.junit4.JUnit4Provider.executeTestSet(JUnit4Provider.java:133)
	at org.apache.maven.surefire.junit4.JUnit4Provider.invoke(JUnit4Provider.java:114)
	at sun.reflect.NativeMethodAccessorImpl.invoke0(Native Method)
	at sun.reflect.NativeMethodAccessorImpl.invoke(NativeMethodAccessorImpl.java:57)
	at sun.reflect.DelegatingMethodAccessorImpl.invoke(DelegatingMethodAccessorImpl.java:43)
	at java.lang.reflect.Method.invoke(Method.java:606)
	at org.apache.maven.surefire.util.ReflectionUtils.invokeMethodWithArray(ReflectionUtils.java:188)
	at org.apache.maven.surefire.booter.ProviderFactory$ProviderProxy.invoke(ProviderFactory.java:166)
	at org.apache.maven.surefire.booter.ProviderFactory.invokeProvider(ProviderFactory.java:86)
	at org.apache.maven.surefire.booter.ForkedBooter.runSuitesInProcess(ForkedBooter.java:101)
	at org.apache.maven.surefire.booter.ForkedBooter.main(ForkedBooter.java:74)
</errorStackTrace>
          <errorDetails> Expected: is &quot;.....\n.....\n.....\n.....\n&quot;      but: was &quot;......\n......\n......\n......\n&quot;</errorDetails>
          <failedSince>0</failedSince>
        </case>
        <case>
          <duration>0.004</duration>
          <className>com.wakaleo.gameoflife.domain.WhenYouCreateANewUniverse</className>
          <testName>aUniverseSeededWithAnEmpyGridContentWillContainAnEmptyGrid</testName>
          <skipped>false</skipped>
          <failedSince>0</failedSince>
        </case>
        <case>
          <duration>0.0</duration>
          <className>com.wakaleo.gameoflife.domain.WhenYouCreateANewUniverse</className>
          <testName>aUserCanReadADeadCellValueAtAGivenPointInTheGrid</testName>
          <skipped>false</skipped>
          <failedSince>0</failedSince>
        </case>
        <case>
          <duration>0.0</duration>
          <className>com.wakaleo.gameoflife.domain.WhenYouCreateANewUniverse</className>
          <testName>aUserCanObtainTheGridContentsAsAnArrayOfCells</testName>
          <skipped>false</skipped>
          <failedSince>0</failedSince>
        </case>
        <case>
          <duration>0.004</duration>
          <className>com.wakaleo.gameoflife.domain.WhenYouCreateANewUniverse</className>
          <testName>aUserCanReadALiveCellValueAtAGivenPointInTheGrid</testName>
          <skipped>false</skipped>
          <failedSince>0</failedSince>
        </case>
        <case>
          <duration>0.001</duration>
          <className>com.wakaleo.gameoflife.domain.WhenYouCreateANewUniverse</className>
          <testName>aUserCanAssignADeadCellAtAGivenPointInTheGrid</testName>
          <skipped>false</skipped>
          <failedSince>0</failedSince>
        </case>
        <case>
          <duration>0.0</duration>
          <className>com.wakaleo.gameoflife.domain.WhenYouCreateANewUniverse</className>
          <testName>aUniverseSeededWithAGridContainingASingleLiveCellContentWillSpawnAnEmptyGrid</testName>
          <skipped>false</skipped>
          <failedSince>0</failedSince>
        </case>
        <case>
          <duration>0.0</duration>
          <className>com.wakaleo.gameoflife.domain.WhenYouCreateANewUniverse</className>
          <testName>aUniverseSeededWithAGridWithLivingCellsContentWillContainThatGrid</testName>
          <skipped>false</skipped>
          <failedSince>0</failedSince>
        </case>
        <case>
          <duration>0.003</duration>
          <className>com.wakaleo.gameoflife.domain.WhenYouCreateANewUniverse</className>
          <testName>aUniverseSpawnsANewGridInTheNextGeneration</testName>
          <skipped>false</skipped>
          <failedSince>0</failedSince>
        </case>
        <case>
          <duration>0.0</duration>
          <className>com.wakaleo.gameoflife.domain.WhenYouCreateANewUniverse</className>
          <testName>aNewUniverseShouldContainOnlyDeadCells</testName>
          <skipped>false</skipped>
          <failedSince>0</failedSince>
        </case>
      </cases>
    </suite>
    <suite>
      <file>/var/lib/jenkins/jobs/Demo projekt/workspace/gameoflife-core/target/surefire-reports/TEST-com.wakaleo.gameoflife.domain.WhenYouPlayTheGameOfLife.xml</file>
      <name>com.wakaleo.gameoflife.domain.WhenYouPlayTheGameOfLife</name>
      <duration>0.006</duration>
      <cases>
        <case>
          <duration>0.002</duration>
          <className>com.wakaleo.gameoflife.domain.WhenYouPlayTheGameOfLife</className>
          <testName>aCellWithNoNeighboursShouldDieInTheNextGeneration</testName>
          <skipped>false</skipped>
          <failedSince>0</failedSince>
        </case>
        <case>
          <duration>0.001</duration>
          <className>com.wakaleo.gameoflife.domain.WhenYouPlayTheGameOfLife</className>
          <testName>liveCellaWith2or3iveNeighbourShouldRemainAliveInTheNextGeneration</testName>
          <skipped>false</skipped>
          <failedSince>0</failedSince>
        </case>
        <case>
          <duration>0.0</duration>
          <className>com.wakaleo.gameoflife.domain.WhenYouPlayTheGameOfLife</className>
          <testName>aDeadCellWithNoNeighboursShouldRemainDeadInTheNextGeneration</testName>
          <skipped>false</skipped>
          <failedSince>0</failedSince>
        </case>
        <case>
          <duration>0.003</duration>
          <className>com.wakaleo.gameoflife.domain.WhenYouPlayTheGameOfLife</className>
          <testName>aDeadCellWithOneLiveNeighbourShouldRemainDeadInTheNextGeneration</testName>
          <skipped>false</skipped>
          <failedSince>0</failedSince>
        </case>
        <case>
          <duration>0.0</duration>
          <className>com.wakaleo.gameoflife.domain.WhenYouPlayTheGameOfLife</className>
          <testName>aLiveCellWithExactlyTwoLiveNeighbourShouldRemainAliveInTheNextGeneration</testName>
          <skipped>false</skipped>
          <failedSince>0</failedSince>
        </case>
      </cases>
    </suite>
    <suite>
      <file>/var/lib/jenkins/jobs/Demo projekt/workspace/gameoflife-core/target/surefire-reports/TEST-com.wakaleo.gameoflife.domain.WhenYouPrintAGrid.xml</file>
      <name>com.wakaleo.gameoflife.domain.WhenYouPrintAGrid</name>
      <duration>0.004</duration>
      <cases>
        <case>
          <duration>0.001</duration>
          <className>com.wakaleo.gameoflife.domain.WhenYouPrintAGrid</className>
          <testName>shouldBeAbleToReadAStringGridContainingLiveAndDeadCells</testName>
          <skipped>false</skipped>
          <failedSince>0</failedSince>
        </case>
        <case>
          <duration>0.003</duration>
          <className>com.wakaleo.gameoflife.domain.WhenYouPrintAGrid</className>
          <testName>shouldBeAbleToReadALargeStringGridContainingLiveAndDeadCells</testName>
          <skipped>false</skipped>
          <failedSince>0</failedSince>
        </case>
        <case>
          <duration>0.0</duration>
          <className>com.wakaleo.gameoflife.domain.WhenYouPrintAGrid</className>
          <testName>shouldBeAbleToReadAGridOfCellsFromAString</testName>
          <skipped>false</skipped>
          <failedSince>0</failedSince>
        </case>
      </cases>
    </suite>
    <suite>
      <file>/var/lib/jenkins/jobs/Demo projekt/workspace/gameoflife-core/target/surefire-reports/TEST-com.wakaleo.gameoflife.domain.WhenYouReadAGridFromAString.xml</file>
      <name>com.wakaleo.gameoflife.domain.WhenYouReadAGridFromAString</name>
      <duration>0.005</duration>
      <cases>
        <case>
          <duration>0.0</duration>
          <className>com.wakaleo.gameoflife.domain.WhenYouReadAGridFromAString</className>
          <testName>shouldRefuseIllegalCellCharacters</testName>
          <skipped>false</skipped>
          <failedSince>0</failedSince>
        </case>
        <case>
          <duration>0.003</duration>
          <className>com.wakaleo.gameoflife.domain.WhenYouReadAGridFromAString</className>
          <testName>shouldBeAbleToReadAGridContainingLiveAndDeadCells</testName>
          <skipped>false</skipped>
          <failedSince>0</failedSince>
        </case>
        <case>
          <duration>0.0</duration>
          <className>com.wakaleo.gameoflife.domain.WhenYouReadAGridFromAString</className>
          <testName>shouldBeAbleToReadAnAsymetricalGridContainingLiveAndDeadCells</testName>
          <skipped>false</skipped>
          <failedSince>0</failedSince>
        </case>
        <case>
          <duration>0.0</duration>
          <className>com.wakaleo.gameoflife.domain.WhenYouReadAGridFromAString</className>
          <testName>shouldBeAbleToReadAVeryLargerGrid</testName>
          <skipped>false</skipped>
          <failedSince>0</failedSince>
        </case>
        <case>
          <duration>0.002</duration>
          <className>com.wakaleo.gameoflife.domain.WhenYouReadAGridFromAString</className>
          <testName>shouldBeAbleToReadALargerGrid</testName>
          <skipped>false</skipped>
          <failedSince>0</failedSince>
        </case>
        <case>
          <duration>0.0</duration>
          <className>com.wakaleo.gameoflife.domain.WhenYouReadAGridFromAString</className>
          <testName>shouldBeAbleToReadAGridContainingASingleCellFromAString</testName>
          <skipped>false</skipped>
          <failedSince>0</failedSince>
        </case>
        <case>
          <duration>0.0</duration>
          <className>com.wakaleo.gameoflife.domain.WhenYouReadAGridFromAString</className>
          <testName>shouldBeAbleToReadAGridOfCellsFromAString</testName>
          <skipped>false</skipped>
          <failedSince>0</failedSince>
        </case>
        <case>
          <duration>0.0</duration>
          <className>com.wakaleo.gameoflife.domain.WhenYouReadAGridFromAString</className>
          <testName>shouldBeAbleToReadAnEmptyGridOfCellsFromAnEmptyString</testName>
          <skipped>false</skipped>
          <failedSince>0</failedSince>
        </case>
      </cases>
    </suite>
  </suites>
  <duration>0.16299999</duration>
  <keepLongStdio>false</keepLongStdio>
</result>