<?xml version='1.0' encoding='UTF-8'?>
<result plugin="junit@1.19">
  <suites>
    <suite>
      <file>/var/lib/jenkins/workspace/Build/CalculatorService/target/surefire-reports/TEST-com.calc.service.MyTest.xml</file>
      <name>com.calc.service.MyTest</name>
      <duration>0.026</duration>
      <time>0.026</time>
      <cases>
        <case>
          <duration>0.026</duration>
          <className>com.calc.service.MyTest</className>
          <testName>ArithmeticOperationofNumbersShouldReturnValue</testName>
          <skipped>false</skipped>
          <failedSince>0</failedSince>
        </case>
      </cases>
    </suite>
  </suites>
  <duration>0.026</duration>
  <keepLongStdio>false</keepLongStdio>
</result>